Total Instructions: 4128219484

RAS (1 entries): 26214400 19660805
RAS (2 entries): 45875201 4
RAS (4 entries): 45875202 3
RAS (8 entries): 45875202 3
RAS (16 entries): 45875202 3
RAS (32 entries): 45875202 3
RAS (64 entries): 45875202 3
RAS (128 entries): 45875202 3

Branch Predictors: (Name - Correct - Incorrect)
  Nbit-16K-1: 238577908 6081409
  Nbit-16K-2: 233363401 11295916
  Nbit-16K-3: 231401875 13257442
  Nbit-16K-4: 230933742 13725575
  Nbit-16K-5: 229564959 15094358
  Nbit-16K-6: 228764152 15895165
  Nbit-16K-7: 228962689 15696628
  Nbit-32K-1: 238577908 6081409
  Nbit-8K-4: 230933742 13725575
  StaticNotTaken: 169267313 75392004
  BTFNT: 188927210 55732107
  LocalTwoLevel-8192-2048-8: 242413039 2246278
  LocalTwoLevel-8192-4096-4: 242680375 1978942
  GlobalTwoLevel-16384-2-4: 230513404 14145913
  GlobalTwoLevel-8192-4-4: 228067953 16591364
  GlobalTwoLevel-16384-2-8: 234371481 10287836
  GlobalTwoLevel-8192-4-8: 232567661 12091656
  Tournament-512-Nbit-4K-4||Nbit-4K-4: 233607374 11051943
  Tournament-512-LocalTwoLevel-8192-2048-8||LocalTwoLevel-8192-2048-8: 242588967 2070350
  Tournament-512-GlobalTwoLevel-8192-2-8||LocalTwoLevel-8192-2048-8: 241685049 2974268
  Tournament-512-GlobalTwoLevel-8192-2-8||GlobalTwoLevel-8192-2-8: 240359739 4299578
  Pentium-M: 239563272 5096045

BTB Predictors: (Name - Correct - Incorrect - TargetIncorrect - TargetCorrect)
  BTB-512-1: 299569200 6081425 | 2 | 133342582
  BTB-256-2: 295395800 10254825 | 2 | 129070683
  BTB-128-4: 299569200 6081425 | 2 | 133342582
  BTB-64-8: 299569199 6081426 | 2 | 133342579
