Total Instructions: 11998724200

RAS (1 entries): 18467824 4869369
RAS (2 entries): 22876984 460209
RAS (4 entries): 23293125 44068
RAS (8 entries): 23293204 43989
RAS (16 entries): 23293217 43976
RAS (32 entries): 23293217 43976
RAS (64 entries): 23293217 43976
RAS (128 entries): 23293217 43976

Branch Predictors: (Name - Correct - Incorrect)
  Nbit-16K-1: 920028533 47805089
  Nbit-16K-2: 932743122 35090500
  Nbit-16K-3: 932435333 35398289
  Nbit-16K-4: 931900856 35932766
  Nbit-16K-5: 932372524 35461098
  Nbit-16K-6: 932384716 35448906
  Nbit-16K-7: 932367549 35466073
  Nbit-32K-1: 920184024 47649598
  Nbit-8K-4: 931580029 36253593
  StaticNotTaken: 781834376 185999246
  BTFNT: 814297772 153535850
  LocalTwoLevel-8192-2048-8: 950050023 17783599
  LocalTwoLevel-8192-4096-4: 950609787 17223835
  GlobalTwoLevel-16384-2-4: 937769012 30064610
  GlobalTwoLevel-8192-4-4: 926922912 40910710
  GlobalTwoLevel-16384-2-8: 931722540 36111082
  GlobalTwoLevel-8192-4-8: 923125777 44707845
  Tournament-512-Nbit-4K-4||Nbit-4K-4: 864335214 103498408
  Tournament-512-LocalTwoLevel-8192-2048-8||LocalTwoLevel-8192-2048-8: 948948016 18885606
  Tournament-512-GlobalTwoLevel-8192-2-8||LocalTwoLevel-8192-2048-8: 946341822 21491800
  Tournament-512-GlobalTwoLevel-8192-2-8||GlobalTwoLevel-8192-2-8: 932911252 34922370
  Pentium-M: 927192001 40641621

BTB Predictors: (Name - Correct - Incorrect - TargetIncorrect - TargetCorrect)
  BTB-512-1: 982418806 64307587 | 16 | 223901898
  BTB-256-2: 976917314 69809079 | 24 | 217003246
  BTB-128-4: 942673144 104053249 | 22 | 180364014
  BTB-64-8: 917540752 129185641 | 2 | 148902025
