Total Instructions: 1493335073

RAS (1 entries): 9598819 3665528
RAS (2 entries): 13264162 185
RAS (4 entries): 13264162 185
RAS (8 entries): 13264162 185
RAS (16 entries): 13264162 185
RAS (32 entries): 13264162 185
RAS (64 entries): 13264162 185
RAS (128 entries): 13264162 185

Branch Predictors: (Name - Correct - Incorrect)
  Nbit-16K-1: 57452918 15575618
  Nbit-16K-2: 60914350 12114186
  Nbit-16K-3: 61204579 11823957
  Nbit-16K-4: 61394323 11634213
  Nbit-16K-5: 61442977 11585559
  Nbit-16K-6: 61446027 11582509
  Nbit-16K-7: 61436907 11591629
  Nbit-32K-1: 57452918 15575618
  Nbit-8K-4: 61396868 11631668
  StaticNotTaken: 36708257 36320279
  BTFNT: 42396680 30631856
  LocalTwoLevel-8192-2048-8: 66735886 6292650
  LocalTwoLevel-8192-4096-4: 66633828 6394708
  GlobalTwoLevel-16384-2-4: 64844437 8184099
  GlobalTwoLevel-8192-4-4: 65166597 7861939
  GlobalTwoLevel-16384-2-8: 65884403 7144133
  GlobalTwoLevel-8192-4-8: 66218218 6810318
  Tournament-512-Nbit-4K-4||Nbit-4K-4: 58500550 14527986
  Tournament-512-LocalTwoLevel-8192-2048-8||LocalTwoLevel-8192-2048-8: 66186643 6841893
  Tournament-512-GlobalTwoLevel-8192-2-8||LocalTwoLevel-8192-2048-8: 65393628 7634908
  Tournament-512-GlobalTwoLevel-8192-2-8||GlobalTwoLevel-8192-2-8: 62596592 10431944
  Pentium-M: 63115387 9913149

BTB Predictors: (Name - Correct - Incorrect - TargetIncorrect - TargetCorrect)
  BTB-512-1: 69441677 19166700 | 3 | 40424484
  BTB-256-2: 72846631 15761746 | 3 | 43832166
  BTB-128-4: 70143458 18464919 | 3 | 41039652
  BTB-64-8: 68396680 20211697 | 2 | 38860086
