Total Instructions: 21500900630

RAS (1 entries): 51047962 24868271
RAS (2 entries): 66004501 9911732
RAS (4 entries): 73916296 1999937
RAS (8 entries): 75915477 756
RAS (16 entries): 75915477 756
RAS (32 entries): 75915477 756
RAS (64 entries): 75915477 756
RAS (128 entries): 75915477 756

Branch Predictors: (Name - Correct - Incorrect)
  Nbit-16K-1: 440257093 42245684
  Nbit-16K-2: 451127744 31375033
  Nbit-16K-3: 451092255 31410522
  Nbit-16K-4: 450451650 32051127
  Nbit-16K-5: 449747379 32755398
  Nbit-16K-6: 449084744 33418033
  Nbit-16K-7: 448546185 33956592
  Nbit-32K-1: 440257112 42245665
  Nbit-8K-4: 450360465 32142312
  StaticNotTaken: 232564511 249938266
  BTFNT: 365331891 117170886
  LocalTwoLevel-8192-2048-8: 463790445 18712332
  LocalTwoLevel-8192-4096-4: 463507674 18995103
  GlobalTwoLevel-16384-2-4: 443310954 39191823
  GlobalTwoLevel-8192-4-4: 443408662 39094115
  GlobalTwoLevel-16384-2-8: 463210459 19292318
  GlobalTwoLevel-8192-4-8: 462649674 19853103
  Tournament-512-Nbit-4K-4||Nbit-4K-4: 436166016 46336761
  Tournament-512-LocalTwoLevel-8192-2048-8||LocalTwoLevel-8192-2048-8: 462046084 20456693
  Tournament-512-GlobalTwoLevel-8192-2-8||LocalTwoLevel-8192-2048-8: 462335696 20167081
  Tournament-512-GlobalTwoLevel-8192-2-8||GlobalTwoLevel-8192-2-8: 445569458 36933319
  Pentium-M: 449687238 32815539

BTB Predictors: (Name - Correct - Incorrect - TargetIncorrect - TargetCorrect)
  BTB-512-1: 513100696 50395127 | 16 | 300884100
  BTB-256-2: 503118458 60377365 | 10 | 290739471
  BTB-128-4: 479722113 83773710 | 5 | 264800799
  BTB-64-8: 450809180 112686643 | 4 | 229404784
