Total Instructions: 23829139274

RAS (1 entries): 88390180 2688271
RAS (2 entries): 90702700 375751
RAS (4 entries): 90852583 225868
RAS (8 entries): 90905929 172522
RAS (16 entries): 90906905 171546
RAS (32 entries): 90906905 171546
RAS (64 entries): 90906905 171546
RAS (128 entries): 90906905 171546

Branch Predictors: (Name - Correct - Incorrect)
  Nbit-16K-1: 2537245142 365560717
  Nbit-16K-2: 2663290912 239514947
  Nbit-16K-3: 2678195904 224609955
  Nbit-16K-4: 2679447162 223358697
  Nbit-16K-5: 2678231080 224574779
  Nbit-16K-6: 2677150323 225655536
  Nbit-16K-7: 2675870372 226935487
  Nbit-32K-1: 2537793771 365012088
  Nbit-8K-4: 2679003211 223802648
  StaticNotTaken: 1727817294 1174988565
  BTFNT: 1923088895 979716964
  LocalTwoLevel-8192-2048-8: 2694565290 208240569
  LocalTwoLevel-8192-4096-4: 2689046490 213759369
  GlobalTwoLevel-16384-2-4: 2675704744 227101115
  GlobalTwoLevel-8192-4-4: 2661153328 241652531
  GlobalTwoLevel-16384-2-8: 2683048120 219757739
  GlobalTwoLevel-8192-4-8: 2666336337 236469522
  Tournament-512-Nbit-4K-4||Nbit-4K-4: 2478653225 424152634
  Tournament-512-LocalTwoLevel-8192-2048-8||LocalTwoLevel-8192-2048-8: 2676537261 226268598
  Tournament-512-GlobalTwoLevel-8192-2-8||LocalTwoLevel-8192-2048-8: 2666654769 236151090
  Tournament-512-GlobalTwoLevel-8192-2-8||GlobalTwoLevel-8192-2-8: 2536746334 366059525
  Pentium-M: 2557114561 345691298

BTB Predictors: (Name - Correct - Incorrect - TargetIncorrect - TargetCorrect)
  BTB-512-1: 2729303928 369731931 | 1550786 | 1180449898
  BTB-256-2: 2680707084 418328775 | 1571078 | 1124222415
  BTB-128-4: 2598874745 500161114 | 1571077 | 1031398249
  BTB-64-8: 2448868578 650167281 | 1570847 | 844821004
