Total Instructions: 7835730650

RAS (1 entries): 597824 11
RAS (2 entries): 597829 6
RAS (4 entries): 597829 6
RAS (8 entries): 597829 6
RAS (16 entries): 597829 6
RAS (32 entries): 597829 6
RAS (64 entries): 597829 6
RAS (128 entries): 597829 6

Branch Predictors: (Name - Correct - Incorrect)
  Nbit-16K-1: 871318706 141666410
  Nbit-16K-2: 912583115 100402001
  Nbit-16K-3: 920841928 92143188
  Nbit-16K-4: 922562132 90422984
  Nbit-16K-5: 922784399 90200717
  Nbit-16K-6: 922747449 90237667
  Nbit-16K-7: 922615465 90369651
  Nbit-32K-1: 871318706 141666410
  Nbit-8K-4: 922562052 90423064
  StaticNotTaken: 561159173 451825943
  BTFNT: 738501323 274483793
  LocalTwoLevel-8192-2048-8: 973651986 39333130
  LocalTwoLevel-8192-4096-4: 974347418 38637698
  GlobalTwoLevel-16384-2-4: 922356449 90628667
  GlobalTwoLevel-8192-4-4: 931485505 81499611
  GlobalTwoLevel-16384-2-8: 931294731 81690385
  GlobalTwoLevel-8192-4-8: 940848301 72136815
  Tournament-512-Nbit-4K-4||Nbit-4K-4: 848799205 164185911
  Tournament-512-LocalTwoLevel-8192-2048-8||LocalTwoLevel-8192-2048-8: 969607908 43377208
  Tournament-512-GlobalTwoLevel-8192-2-8||LocalTwoLevel-8192-2048-8: 965777681 47207435
  Tournament-512-GlobalTwoLevel-8192-2-8||GlobalTwoLevel-8192-2-8: 930047006 82938110
  Pentium-M: 916367862 96617254

BTB Predictors: (Name - Correct - Incorrect - TargetIncorrect - TargetCorrect)
  BTB-512-1: 875158229 141666493 | 0 | 384832145
  BTB-256-2: 875158561 141666161 | 0 | 384526340
  BTB-128-4: 844823446 172001276 | 0 | 352420587
  BTB-64-8: 645872412 370952310 | 0 | 139385560
