Total Instructions: 29337086299

RAS (1 entries): 183434522 55988080
RAS (2 entries): 183522626 55899976
RAS (4 entries): 183544551 55878051
RAS (8 entries): 183545576 55877026
RAS (16 entries): 183545665 55876937
RAS (32 entries): 183545672 55876930
RAS (64 entries): 183545672 55876930
RAS (128 entries): 183545672 55876930

Branch Predictors: (Name - Correct - Incorrect)
  Nbit-16K-1: 3178282666 749963562
  Nbit-16K-2: 3406906280 521339948
  Nbit-16K-3: 3424195975 504050253
  Nbit-16K-4: 3429292082 498954146
  Nbit-16K-5: 3428309834 499936394
  Nbit-16K-6: 3426329962 501916266
  Nbit-16K-7: 3423974419 504271809
  Nbit-32K-1: 3178282669 749963559
  Nbit-8K-4: 3429284785 498961443
  StaticNotTaken: 1894243000 2034003228
  BTFNT: 2411759940 1516486288
  LocalTwoLevel-8192-2048-8: 3550588789 377657439
  LocalTwoLevel-8192-4096-4: 3535625939 392620289
  GlobalTwoLevel-16384-2-4: 3449032908 479213320
  GlobalTwoLevel-8192-4-4: 3429663978 498582250
  GlobalTwoLevel-16384-2-8: 3541319384 386926844
  GlobalTwoLevel-8192-4-8: 3558233444 370012784
  Tournament-512-Nbit-4K-4||Nbit-4K-4: 3292832042 635414186
  Tournament-512-LocalTwoLevel-8192-2048-8||LocalTwoLevel-8192-2048-8: 3499601149 428645079
  Tournament-512-GlobalTwoLevel-8192-2-8||LocalTwoLevel-8192-2048-8: 3478876149 449370079
  Tournament-512-GlobalTwoLevel-8192-2-8||GlobalTwoLevel-8192-2-8: 3159615333 768630895
  Pentium-M: 3388632024 539614204

BTB Predictors: (Name - Correct - Incorrect - TargetIncorrect - TargetCorrect)
  BTB-512-1: 3646768438 828890054 | 5 | 2118497597
  BTB-256-2: 3578265373 897393119 | 5 | 2033419461
  BTB-128-4: 3386580691 1089077801 | 5 | 1794598808
  BTB-64-8: 3043717939 1431940553 | 4 | 1392801061
