Total Instructions: 7659818224

RAS (1 entries): 97217 15
RAS (2 entries): 97221 11
RAS (4 entries): 97224 8
RAS (8 entries): 97224 8
RAS (16 entries): 97224 8
RAS (32 entries): 97224 8
RAS (64 entries): 97224 8
RAS (128 entries): 97224 8

Branch Predictors: (Name - Correct - Incorrect)
  Nbit-16K-1: 61146565 15357965
  Nbit-16K-2: 65145043 11359487
  Nbit-16K-3: 65695681 10808849
  Nbit-16K-4: 65717936 10786594
  Nbit-16K-5: 65667030 10837500
  Nbit-16K-6: 65589358 10915172
  Nbit-16K-7: 65444300 11060230
  Nbit-32K-1: 61146565 15357965
  Nbit-8K-4: 65717936 10786594
  StaticNotTaken: 40739577 35764953
  BTFNT: 57595558 18908972
  LocalTwoLevel-8192-2048-8: 66102458 10402072
  LocalTwoLevel-8192-4096-4: 65964575 10539955
  GlobalTwoLevel-16384-2-4: 66635348 9869182
  GlobalTwoLevel-8192-4-4: 66786778 9717752
  GlobalTwoLevel-16384-2-8: 67528602 8975928
  GlobalTwoLevel-8192-4-8: 68102814 8401716
  Tournament-512-Nbit-4K-4||Nbit-4K-4: 64668046 11836484
  Tournament-512-LocalTwoLevel-8192-2048-8||LocalTwoLevel-8192-2048-8: 65592409 10912121
  Tournament-512-GlobalTwoLevel-8192-2-8||LocalTwoLevel-8192-2048-8: 65771228 10733302
  Tournament-512-GlobalTwoLevel-8192-2-8||GlobalTwoLevel-8192-2-8: 65560143 10944387
  Pentium-M: 65073977 11430553

BTB Predictors: (Name - Correct - Incorrect - TargetIncorrect - TargetCorrect)
  BTB-512-1: 68303851 15381075 | 4 | 35243233
  BTB-256-2: 68618020 15066906 | 3 | 35166444
  BTB-128-4: 68591118 15093808 | 2 | 35115195
  BTB-64-8: 68399742 15285184 | 2 | 34922241
