Total Instructions: 19193957755

RAS (1 entries): 2251543 4449842
RAS (2 entries): 4479447 2221938
RAS (4 entries): 6692069 9316
RAS (8 entries): 6692069 9316
RAS (16 entries): 6692069 9316
RAS (32 entries): 6692069 9316
RAS (64 entries): 6692069 9316
RAS (128 entries): 6692069 9316

Branch Predictors: (Name - Correct - Incorrect)
  Nbit-16K-1: 692382706 64642372
  Nbit-16K-2: 723544787 33480291
  Nbit-16K-3: 723917255 33107823
  Nbit-16K-4: 723985336 33039742
  Nbit-16K-5: 723994165 33030913
  Nbit-16K-6: 723992279 33032799
  Nbit-16K-7: 723986610 33038468
  Nbit-32K-1: 692382713 64642365
  Nbit-8K-4: 723984289 33040789
  StaticNotTaken: 395717195 361307883
  BTFNT: 582171691 174853387
  LocalTwoLevel-8192-2048-8: 753305333 3719745
  LocalTwoLevel-8192-4096-4: 753258151 3766927
  GlobalTwoLevel-16384-2-4: 693868521 63156557
  GlobalTwoLevel-8192-4-4: 694232321 62792757
  GlobalTwoLevel-16384-2-8: 750256794 6768284
  GlobalTwoLevel-8192-4-8: 750508478 6516600
  Tournament-512-Nbit-4K-4||Nbit-4K-4: 689247909 67777169
  Tournament-512-LocalTwoLevel-8192-2048-8||LocalTwoLevel-8192-2048-8: 753290621 3734457
  Tournament-512-GlobalTwoLevel-8192-2-8||LocalTwoLevel-8192-2048-8: 751951328 5073750
  Tournament-512-GlobalTwoLevel-8192-2-8||GlobalTwoLevel-8192-2-8: 753120235 3904843
  Pentium-M: 751600453 5424625

BTB Predictors: (Name - Correct - Incorrect - TargetIncorrect - TargetCorrect)
  BTB-512-1: 721005198 64679439 | 37 | 357606811
  BTB-256-2: 720961487 64723150 | 36 | 357562601
  BTB-128-4: 713587755 72096882 | 21 | 350187874
  BTB-64-8: 713513596 72171041 | 4 | 350110718
