Total Instructions: 27137822546

RAS (1 entries): 139103741 60801120
RAS (2 entries): 199249887 654974
RAS (4 entries): 199337644 567217
RAS (8 entries): 199339984 564877
RAS (16 entries): 199339984 564877
RAS (32 entries): 199339984 564877
RAS (64 entries): 199339984 564877
RAS (128 entries): 199339984 564877

Branch Predictors: (Name - Correct - Incorrect)
  Nbit-16K-1: 2688054362 222295258
  Nbit-16K-2: 2751737363 158612257
  Nbit-16K-3: 2744390386 165959234
  Nbit-16K-4: 2722560674 187788946
  Nbit-16K-5: 2717218028 193131592
  Nbit-16K-6: 2719419916 190929704
  Nbit-16K-7: 2719538012 190811608
  Nbit-32K-1: 2688055504 222294116
  Nbit-8K-4: 2722555818 187793802
  StaticNotTaken: 1650813543 1259536077
  BTFNT: 1870897411 1039452209
  LocalTwoLevel-8192-2048-8: 2812613929 97735691
  LocalTwoLevel-8192-4096-4: 2812601820 97747800
  GlobalTwoLevel-16384-2-4: 2759935526 150414094
  GlobalTwoLevel-8192-4-4: 2727161044 183188576
  GlobalTwoLevel-16384-2-8: 2774005453 136344167
  GlobalTwoLevel-8192-4-8: 2772155266 138194354
  Tournament-512-Nbit-4K-4||Nbit-4K-4: 2498060791 412288829
  Tournament-512-LocalTwoLevel-8192-2048-8||LocalTwoLevel-8192-2048-8: 2812675416 97674204
  Tournament-512-GlobalTwoLevel-8192-2-8||LocalTwoLevel-8192-2048-8: 2812395044 97954576
  Tournament-512-GlobalTwoLevel-8192-2-8||GlobalTwoLevel-8192-2-8: 2753255385 157094235
  Pentium-M: 2749528560 160821060

BTB Predictors: (Name - Correct - Incorrect - TargetIncorrect - TargetCorrect)
  BTB-512-1: 2983660484 237377622 | 5 | 1443841925
  BTB-256-2: 2971723781 249314325 | 5 | 1430291171
  BTB-128-4: 2953521420 267516686 | 5 | 1405941851
  BTB-64-8: 2915084040 305954066 | 3 | 1352885325
